<?xml version="1.0" encoding="UTF-8"?><testrun name="TestScore (1)" project="Pirates" tests="50" started="50" failures="2" errors="0" ignored="0">
  <testsuite name="main.TestScore" time="0.037" displayname="TestScore" uniqueid="[engine:junit-jupiter]/[class:main.TestScore]">
    <testcase name="test10" classname="main.TestScore" time="0.005" displayname="test10()" uniqueid="[engine:junit-jupiter]/[class:main.TestScore]/[method:test10()]"/>
    <testcase name="test11" classname="main.TestScore" time="0.001" displayname="test11()" uniqueid="[engine:junit-jupiter]/[class:main.TestScore]/[method:test11()]"/>
    <testcase name="test12" classname="main.TestScore" time="0.0" displayname="test12()" uniqueid="[engine:junit-jupiter]/[class:main.TestScore]/[method:test12()]"/>
    <testcase name="test13" classname="main.TestScore" time="0.0" displayname="test13()" uniqueid="[engine:junit-jupiter]/[class:main.TestScore]/[method:test13()]"/>
    <testcase name="test14" classname="main.TestScore" time="0.001" displayname="test14()" uniqueid="[engine:junit-jupiter]/[class:main.TestScore]/[method:test14()]"/>
    <testcase name="test15" classname="main.TestScore" time="0.001" displayname="test15()" uniqueid="[engine:junit-jupiter]/[class:main.TestScore]/[method:test15()]"/>
    <testcase name="test16" classname="main.TestScore" time="0.0" displayname="test16()" uniqueid="[engine:junit-jupiter]/[class:main.TestScore]/[method:test16()]"/>
    <testcase name="test17" classname="main.TestScore" time="0.001" displayname="test17()" uniqueid="[engine:junit-jupiter]/[class:main.TestScore]/[method:test17()]"/>
    <testcase name="test18" classname="main.TestScore" time="0.0" displayname="test18()" uniqueid="[engine:junit-jupiter]/[class:main.TestScore]/[method:test18()]"/>
    <testcase name="test19" classname="main.TestScore" time="0.001" displayname="test19()" uniqueid="[engine:junit-jupiter]/[class:main.TestScore]/[method:test19()]"/>
    <testcase name="test20" classname="main.TestScore" time="0.0" displayname="test20()" uniqueid="[engine:junit-jupiter]/[class:main.TestScore]/[method:test20()]"/>
    <testcase name="test21" classname="main.TestScore" time="0.001" displayname="test21()" uniqueid="[engine:junit-jupiter]/[class:main.TestScore]/[method:test21()]"/>
    <testcase name="test22" classname="main.TestScore" time="0.0" displayname="test22()" uniqueid="[engine:junit-jupiter]/[class:main.TestScore]/[method:test22()]"/>
    <testcase name="test23" classname="main.TestScore" time="0.001" displayname="test23()" uniqueid="[engine:junit-jupiter]/[class:main.TestScore]/[method:test23()]"/>
    <testcase name="test24" classname="main.TestScore" time="0.0" displayname="test24()" uniqueid="[engine:junit-jupiter]/[class:main.TestScore]/[method:test24()]"/>
    <testcase name="test25" classname="main.TestScore" time="0.001" displayname="test25()" uniqueid="[engine:junit-jupiter]/[class:main.TestScore]/[method:test25()]"/>
    <testcase name="test1" classname="main.TestScore" time="0.0" displayname="test1()" uniqueid="[engine:junit-jupiter]/[class:main.TestScore]/[method:test1()]"/>
    <testcase name="test2" classname="main.TestScore" time="0.001" displayname="test2()" uniqueid="[engine:junit-jupiter]/[class:main.TestScore]/[method:test2()]"/>
    <testcase name="test3" classname="main.TestScore" time="0.0" displayname="test3()" uniqueid="[engine:junit-jupiter]/[class:main.TestScore]/[method:test3()]"/>
    <testcase name="test4" classname="main.TestScore" time="0.0" displayname="test4()" uniqueid="[engine:junit-jupiter]/[class:main.TestScore]/[method:test4()]"/>
    <testcase name="test5" classname="main.TestScore" time="0.001" displayname="test5()" uniqueid="[engine:junit-jupiter]/[class:main.TestScore]/[method:test5()]"/>
    <testcase name="test6" classname="main.TestScore" time="0.003" displayname="test6()" uniqueid="[engine:junit-jupiter]/[class:main.TestScore]/[method:test6()]">
      <failure>junit.framework.AssertionFailedError: expected:&lt;200&gt; but was:&lt;0&gt;&#13;
	at junit.framework.Assert.fail(Assert.java:57)&#13;
	at junit.framework.Assert.failNotEquals(Assert.java:329)&#13;
	at junit.framework.Assert.assertEquals(Assert.java:78)&#13;
	at junit.framework.Assert.assertEquals(Assert.java:234)&#13;
	at junit.framework.Assert.assertEquals(Assert.java:241)&#13;
	at junit.framework.TestCase.assertEquals(TestCase.java:384)&#13;
	at main.TestScore.test6(TestScore.java:64)&#13;
	at java.base/jdk.internal.reflect.NativeMethodAccessorImpl.invoke0(Native Method)&#13;
	at java.base/jdk.internal.reflect.NativeMethodAccessorImpl.invoke(NativeMethodAccessorImpl.java:62)&#13;
	at java.base/jdk.internal.reflect.DelegatingMethodAccessorImpl.invoke(DelegatingMethodAccessorImpl.java:43)&#13;
	at java.base/java.lang.reflect.Method.invoke(Method.java:564)&#13;
	at org.junit.platform.commons.util.ReflectionUtils.invokeMethod(ReflectionUtils.java:686)&#13;
	at org.junit.jupiter.engine.execution.MethodInvocation.proceed(MethodInvocation.java:60)&#13;
	at org.junit.jupiter.engine.execution.InvocationInterceptorChain$ValidatingInvocation.proceed(InvocationInterceptorChain.java:131)&#13;
	at org.junit.jupiter.engine.extension.TimeoutExtension.intercept(TimeoutExtension.java:149)&#13;
	at org.junit.jupiter.engine.extension.TimeoutExtension.interceptTestableMethod(TimeoutExtension.java:140)&#13;
	at org.junit.jupiter.engine.extension.TimeoutExtension.interceptTestMethod(TimeoutExtension.java:84)&#13;
	at org.junit.jupiter.engine.execution.ExecutableInvoker$ReflectiveInterceptorCall.lambda$ofVoidMethod$0(ExecutableInvoker.java:115)&#13;
	at org.junit.jupiter.engine.execution.ExecutableInvoker.lambda$invoke$0(ExecutableInvoker.java:105)&#13;
	at org.junit.jupiter.engine.execution.InvocationInterceptorChain$InterceptedInvocation.proceed(InvocationInterceptorChain.java:106)&#13;
	at org.junit.jupiter.engine.execution.InvocationInterceptorChain.proceed(InvocationInterceptorChain.java:64)&#13;
	at org.junit.jupiter.engine.execution.InvocationInterceptorChain.chainAndInvoke(InvocationInterceptorChain.java:45)&#13;
	at org.junit.jupiter.engine.execution.InvocationInterceptorChain.invoke(InvocationInterceptorChain.java:37)&#13;
	at org.junit.jupiter.engine.execution.ExecutableInvoker.invoke(ExecutableInvoker.java:104)&#13;
	at org.junit.jupiter.engine.execution.ExecutableInvoker.invoke(ExecutableInvoker.java:98)&#13;
	at org.junit.jupiter.engine.descriptor.TestMethodTestDescriptor.lambda$invokeTestMethod$6(TestMethodTestDescriptor.java:205)&#13;
	at org.junit.platform.engine.support.hierarchical.ThrowableCollector.execute(ThrowableCollector.java:73)&#13;
	at org.junit.jupiter.engine.descriptor.TestMethodTestDescriptor.invokeTestMethod(TestMethodTestDescriptor.java:201)&#13;
	at org.junit.jupiter.engine.descriptor.TestMethodTestDescriptor.execute(TestMethodTestDescriptor.java:137)&#13;
	at org.junit.jupiter.engine.descriptor.TestMethodTestDescriptor.execute(TestMethodTestDescriptor.java:71)&#13;
	at org.junit.platform.engine.support.hierarchical.NodeTestTask.lambda$executeRecursively$5(NodeTestTask.java:135)&#13;
	at org.junit.platform.engine.support.hierarchical.ThrowableCollector.execute(ThrowableCollector.java:73)&#13;
	at org.junit.platform.engine.support.hierarchical.NodeTestTask.lambda$executeRecursively$7(NodeTestTask.java:125)&#13;
	at org.junit.platform.engine.support.hierarchical.Node.around(Node.java:135)&#13;
	at org.junit.platform.engine.support.hierarchical.NodeTestTask.lambda$executeRecursively$8(NodeTestTask.java:123)&#13;
	at org.junit.platform.engine.support.hierarchical.ThrowableCollector.execute(ThrowableCollector.java:73)&#13;
	at org.junit.platform.engine.support.hierarchical.NodeTestTask.executeRecursively(NodeTestTask.java:122)&#13;
	at org.junit.platform.engine.support.hierarchical.NodeTestTask.execute(NodeTestTask.java:80)&#13;
	at java.base/java.util.ArrayList.forEach(ArrayList.java:1511)&#13;
	at org.junit.platform.engine.support.hierarchical.SameThreadHierarchicalTestExecutorService.invokeAll(SameThreadHierarchicalTestExecutorService.java:38)&#13;
	at org.junit.platform.engine.support.hierarchical.NodeTestTask.lambda$executeRecursively$5(NodeTestTask.java:139)&#13;
	at org.junit.platform.engine.support.hierarchical.ThrowableCollector.execute(ThrowableCollector.java:73)&#13;
	at org.junit.platform.engine.support.hierarchical.NodeTestTask.lambda$executeRecursively$7(NodeTestTask.java:125)&#13;
	at org.junit.platform.engine.support.hierarchical.Node.around(Node.java:135)&#13;
	at org.junit.platform.engine.support.hierarchical.NodeTestTask.lambda$executeRecursively$8(NodeTestTask.java:123)&#13;
	at org.junit.platform.engine.support.hierarchical.ThrowableCollector.execute(ThrowableCollector.java:73)&#13;
	at org.junit.platform.engine.support.hierarchical.NodeTestTask.executeRecursively(NodeTestTask.java:122)&#13;
	at org.junit.platform.engine.support.hierarchical.NodeTestTask.execute(NodeTestTask.java:80)&#13;
	at java.base/java.util.ArrayList.forEach(ArrayList.java:1511)&#13;
	at org.junit.platform.engine.support.hierarchical.SameThreadHierarchicalTestExecutorService.invokeAll(SameThreadHierarchicalTestExecutorService.java:38)&#13;
	at org.junit.platform.engine.support.hierarchical.NodeTestTask.lambda$executeRecursively$5(NodeTestTask.java:139)&#13;
	at org.junit.platform.engine.support.hierarchical.ThrowableCollector.execute(ThrowableCollector.java:73)&#13;
	at org.junit.platform.engine.support.hierarchical.NodeTestTask.lambda$executeRecursively$7(NodeTestTask.java:125)&#13;
	at org.junit.platform.engine.support.hierarchical.Node.around(Node.java:135)&#13;
	at org.junit.platform.engine.support.hierarchical.NodeTestTask.lambda$executeRecursively$8(NodeTestTask.java:123)&#13;
	at org.junit.platform.engine.support.hierarchical.ThrowableCollector.execute(ThrowableCollector.java:73)&#13;
	at org.junit.platform.engine.support.hierarchical.NodeTestTask.executeRecursively(NodeTestTask.java:122)&#13;
	at org.junit.platform.engine.support.hierarchical.NodeTestTask.execute(NodeTestTask.java:80)&#13;
	at org.junit.platform.engine.support.hierarchical.SameThreadHierarchicalTestExecutorService.submit(SameThreadHierarchicalTestExecutorService.java:32)&#13;
	at org.junit.platform.engine.support.hierarchical.HierarchicalTestExecutor.execute(HierarchicalTestExecutor.java:57)&#13;
	at org.junit.platform.engine.support.hierarchical.HierarchicalTestEngine.execute(HierarchicalTestEngine.java:51)&#13;
	at org.junit.platform.launcher.core.DefaultLauncher.execute(DefaultLauncher.java:248)&#13;
	at org.junit.platform.launcher.core.DefaultLauncher.lambda$execute$5(DefaultLauncher.java:211)&#13;
	at org.junit.platform.launcher.core.DefaultLauncher.withInterceptedStreams(DefaultLauncher.java:226)&#13;
	at org.junit.platform.launcher.core.DefaultLauncher.execute(DefaultLauncher.java:199)&#13;
	at org.junit.platform.launcher.core.DefaultLauncher.execute(DefaultLauncher.java:141)&#13;
	at org.eclipse.jdt.internal.junit5.runner.JUnit5TestReference.run(JUnit5TestReference.java:98)&#13;
	at org.eclipse.jdt.internal.junit.runner.TestExecution.run(TestExecution.java:41)&#13;
	at org.eclipse.jdt.internal.junit.runner.RemoteTestRunner.runTests(RemoteTestRunner.java:542)&#13;
	at org.eclipse.jdt.internal.junit.runner.RemoteTestRunner.runTests(RemoteTestRunner.java:770)&#13;
	at org.eclipse.jdt.internal.junit.runner.RemoteTestRunner.run(RemoteTestRunner.java:464)&#13;
	at org.eclipse.jdt.internal.junit.runner.RemoteTestRunner.main(RemoteTestRunner.java:210)&#13;
&#13;
</failure>
    </testcase>
    <testcase name="test7" classname="main.TestScore" time="0.0" displayname="test7()" uniqueid="[engine:junit-jupiter]/[class:main.TestScore]/[method:test7()]"/>
    <testcase name="test8" classname="main.TestScore" time="0.001" displayname="test8()" uniqueid="[engine:junit-jupiter]/[class:main.TestScore]/[method:test8()]"/>
    <testcase name="test9" classname="main.TestScore" time="0.017" displayname="test9()" uniqueid="[engine:junit-jupiter]/[class:main.TestScore]/[method:test9()]"/>
  </testsuite>
  <testsuite name="main.TestScore" time="0.009" displayname="TestScore" uniqueid="[engine:junit-vintage]/[runner:main.TestScore]">
    <testcase name="test10" classname="main.TestScore" time="0.001" displayname="test10" uniqueid="[engine:junit-vintage]/[runner:main.TestScore]/[test:test10(main.TestScore)]"/>
    <testcase name="test11" classname="main.TestScore" time="0.001" displayname="test11" uniqueid="[engine:junit-vintage]/[runner:main.TestScore]/[test:test11(main.TestScore)]"/>
    <testcase name="test12" classname="main.TestScore" time="0.0" displayname="test12" uniqueid="[engine:junit-vintage]/[runner:main.TestScore]/[test:test12(main.TestScore)]"/>
    <testcase name="test13" classname="main.TestScore" time="0.0" displayname="test13" uniqueid="[engine:junit-vintage]/[runner:main.TestScore]/[test:test13(main.TestScore)]"/>
    <testcase name="test14" classname="main.TestScore" time="0.0" displayname="test14" uniqueid="[engine:junit-vintage]/[runner:main.TestScore]/[test:test14(main.TestScore)]"/>
    <testcase name="test15" classname="main.TestScore" time="0.0" displayname="test15" uniqueid="[engine:junit-vintage]/[runner:main.TestScore]/[test:test15(main.TestScore)]"/>
    <testcase name="test16" classname="main.TestScore" time="0.0" displayname="test16" uniqueid="[engine:junit-vintage]/[runner:main.TestScore]/[test:test16(main.TestScore)]"/>
    <testcase name="test17" classname="main.TestScore" time="0.001" displayname="test17" uniqueid="[engine:junit-vintage]/[runner:main.TestScore]/[test:test17(main.TestScore)]"/>
    <testcase name="test18" classname="main.TestScore" time="0.0" displayname="test18" uniqueid="[engine:junit-vintage]/[runner:main.TestScore]/[test:test18(main.TestScore)]"/>
    <testcase name="test19" classname="main.TestScore" time="0.0" displayname="test19" uniqueid="[engine:junit-vintage]/[runner:main.TestScore]/[test:test19(main.TestScore)]"/>
    <testcase name="test20" classname="main.TestScore" time="0.0" displayname="test20" uniqueid="[engine:junit-vintage]/[runner:main.TestScore]/[test:test20(main.TestScore)]"/>
    <testcase name="test21" classname="main.TestScore" time="0.0" displayname="test21" uniqueid="[engine:junit-vintage]/[runner:main.TestScore]/[test:test21(main.TestScore)]"/>
    <testcase name="test22" classname="main.TestScore" time="0.0" displayname="test22" uniqueid="[engine:junit-vintage]/[runner:main.TestScore]/[test:test22(main.TestScore)]"/>
    <testcase name="test23" classname="main.TestScore" time="0.0" displayname="test23" uniqueid="[engine:junit-vintage]/[runner:main.TestScore]/[test:test23(main.TestScore)]"/>
    <testcase name="test24" classname="main.TestScore" time="0.0" displayname="test24" uniqueid="[engine:junit-vintage]/[runner:main.TestScore]/[test:test24(main.TestScore)]"/>
    <testcase name="test25" classname="main.TestScore" time="0.0" displayname="test25" uniqueid="[engine:junit-vintage]/[runner:main.TestScore]/[test:test25(main.TestScore)]"/>
    <testcase name="test1" classname="main.TestScore" time="0.0" displayname="test1" uniqueid="[engine:junit-vintage]/[runner:main.TestScore]/[test:test1(main.TestScore)]"/>
    <testcase name="test2" classname="main.TestScore" time="0.0" displayname="test2" uniqueid="[engine:junit-vintage]/[runner:main.TestScore]/[test:test2(main.TestScore)]"/>
    <testcase name="test3" classname="main.TestScore" time="0.001" displayname="test3" uniqueid="[engine:junit-vintage]/[runner:main.TestScore]/[test:test3(main.TestScore)]"/>
    <testcase name="test4" classname="main.TestScore" time="0.0" displayname="test4" uniqueid="[engine:junit-vintage]/[runner:main.TestScore]/[test:test4(main.TestScore)]"/>
    <testcase name="test5" classname="main.TestScore" time="0.0" displayname="test5" uniqueid="[engine:junit-vintage]/[runner:main.TestScore]/[test:test5(main.TestScore)]"/>
    <testcase name="test6" classname="main.TestScore" time="0.003" displayname="test6" uniqueid="[engine:junit-vintage]/[runner:main.TestScore]/[test:test6(main.TestScore)]">
      <failure>junit.framework.AssertionFailedError: expected:&lt;200&gt; but was:&lt;0&gt;&#13;
	at junit.framework.Assert.fail(Assert.java:57)&#13;
	at junit.framework.Assert.failNotEquals(Assert.java:329)&#13;
	at junit.framework.Assert.assertEquals(Assert.java:78)&#13;
	at junit.framework.Assert.assertEquals(Assert.java:234)&#13;
	at junit.framework.Assert.assertEquals(Assert.java:241)&#13;
	at junit.framework.TestCase.assertEquals(TestCase.java:384)&#13;
	at main.TestScore.test6(TestScore.java:64)&#13;
	at java.base/jdk.internal.reflect.NativeMethodAccessorImpl.invoke0(Native Method)&#13;
	at java.base/jdk.internal.reflect.NativeMethodAccessorImpl.invoke(NativeMethodAccessorImpl.java:62)&#13;
	at java.base/jdk.internal.reflect.DelegatingMethodAccessorImpl.invoke(DelegatingMethodAccessorImpl.java:43)&#13;
	at java.base/java.lang.reflect.Method.invoke(Method.java:564)&#13;
	at junit.framework.TestCase.runTest(TestCase.java:177)&#13;
	at junit.framework.TestCase.runBare(TestCase.java:142)&#13;
	at junit.framework.TestResult$1.protect(TestResult.java:122)&#13;
	at junit.framework.TestResult.runProtected(TestResult.java:142)&#13;
	at junit.framework.TestResult.run(TestResult.java:125)&#13;
	at junit.framework.TestCase.run(TestCase.java:130)&#13;
	at junit.framework.TestSuite.runTest(TestSuite.java:241)&#13;
	at junit.framework.TestSuite.run(TestSuite.java:236)&#13;
	at org.junit.internal.runners.JUnit38ClassRunner.run(JUnit38ClassRunner.java:90)&#13;
	at org.junit.runner.JUnitCore.run(JUnitCore.java:137)&#13;
	at org.junit.runner.JUnitCore.run(JUnitCore.java:115)&#13;
	at org.junit.vintage.engine.execution.RunnerExecutor.execute(RunnerExecutor.java:43)&#13;
	at java.base/java.util.stream.ForEachOps$ForEachOp$OfRef.accept(ForEachOps.java:183)&#13;
	at java.base/java.util.stream.ReferencePipeline$3$1.accept(ReferencePipeline.java:195)&#13;
	at java.base/java.util.Iterator.forEachRemaining(Iterator.java:133)&#13;
	at java.base/java.util.Spliterators$IteratorSpliterator.forEachRemaining(Spliterators.java:1801)&#13;
	at java.base/java.util.stream.AbstractPipeline.copyInto(AbstractPipeline.java:484)&#13;
	at java.base/java.util.stream.AbstractPipeline.wrapAndCopyInto(AbstractPipeline.java:474)&#13;
	at java.base/java.util.stream.ForEachOps$ForEachOp.evaluateSequential(ForEachOps.java:150)&#13;
	at java.base/java.util.stream.ForEachOps$ForEachOp$OfRef.evaluateSequential(ForEachOps.java:173)&#13;
	at java.base/java.util.stream.AbstractPipeline.evaluate(AbstractPipeline.java:234)&#13;
	at java.base/java.util.stream.ReferencePipeline.forEach(ReferencePipeline.java:497)&#13;
	at org.junit.vintage.engine.VintageTestEngine.executeAllChildren(VintageTestEngine.java:82)&#13;
	at org.junit.vintage.engine.VintageTestEngine.execute(VintageTestEngine.java:73)&#13;
	at org.junit.platform.launcher.core.DefaultLauncher.execute(DefaultLauncher.java:248)&#13;
	at org.junit.platform.launcher.core.DefaultLauncher.lambda$execute$5(DefaultLauncher.java:211)&#13;
	at org.junit.platform.launcher.core.DefaultLauncher.withInterceptedStreams(DefaultLauncher.java:226)&#13;
	at org.junit.platform.launcher.core.DefaultLauncher.execute(DefaultLauncher.java:199)&#13;
	at org.junit.platform.launcher.core.DefaultLauncher.execute(DefaultLauncher.java:141)&#13;
	at org.eclipse.jdt.internal.junit5.runner.JUnit5TestReference.run(JUnit5TestReference.java:98)&#13;
	at org.eclipse.jdt.internal.junit.runner.TestExecution.run(TestExecution.java:41)&#13;
	at org.eclipse.jdt.internal.junit.runner.RemoteTestRunner.runTests(RemoteTestRunner.java:542)&#13;
	at org.eclipse.jdt.internal.junit.runner.RemoteTestRunner.runTests(RemoteTestRunner.java:770)&#13;
	at org.eclipse.jdt.internal.junit.runner.RemoteTestRunner.run(RemoteTestRunner.java:464)&#13;
	at org.eclipse.jdt.internal.junit.runner.RemoteTestRunner.main(RemoteTestRunner.java:210)&#13;
&#13;
</failure>
    </testcase>
    <testcase name="test7" classname="main.TestScore" time="0.0" displayname="test7" uniqueid="[engine:junit-vintage]/[runner:main.TestScore]/[test:test7(main.TestScore)]"/>
    <testcase name="test8" classname="main.TestScore" time="0.0" displayname="test8" uniqueid="[engine:junit-vintage]/[runner:main.TestScore]/[test:test8(main.TestScore)]"/>
    <testcase name="test9" classname="main.TestScore" time="0.001" displayname="test9" uniqueid="[engine:junit-vintage]/[runner:main.TestScore]/[test:test9(main.TestScore)]"/>
  </testsuite>
</testrun>
